


ARM Macro Assembler    Page 1 


    1 00000000         ; Константы
    2 00000000         
    3 00000000 20000100 
                       STACK_TOP
                               EQU              0x20000100  ; Вершина с
                                                            тека
    4 00000000 01000000 
                       DELAY_VAL
                               EQU              0x01000000  ; Величина 
                                                            задержки
    5 00000000         
    6 00000000                 END
Command Line: --debug --xref --diag_suppress=9931 --cpu=Cortex-M3 --apcs=interw
ork --depend=.\objects\config.d -o.\objects\config.o -I.\RTE\_Target_1 -IC:\Kei
l_v5\ARM\PACK\Keil\STM32F1xx_DFP\2.3.0\Device\Include -IC:\Keil_v5\ARM\CMSIS\In
clude --predefine="__EVAL SETA 1" --predefine="__UVISION_VERSION SETA 523" --pr
edefine="STM32F10X_MD_VL SETA 1" --list=.\listings\config.lst ..\src\config.s



ARM Macro Assembler    Page 1 Alphabetic symbol ordering
Absolute symbols

DELAY_VAL 01000000

Symbol: DELAY_VAL
   Definitions
      At line 4 in file ..\src\config.s
   Uses
      None
Comment: DELAY_VAL unused
STACK_TOP 20000100

Symbol: STACK_TOP
   Definitions
      At line 3 in file ..\src\config.s
   Uses
      None
Comment: STACK_TOP unused
2 symbols
335 symbols in table
